#-----------------------------------------------------------
# Vivado v2015.2 (64-bit)
# SW Build 1266856 on Fri Jun 26 16:35:25 MDT 2015
# IP Build 1264090 on Wed Jun 24 14:22:01 MDT 2015
# Start of session at: Mon Apr 08 19:54:52 2019
# Process ID: 3540
# Log file: C:/Users/Admin/Desktop/8_bit_part_a/vivado.log
# Journal file: C:/Users/Admin/Desktop/8_bit_part_a\vivado.jou
#-----------------------------------------------------------
start_gui
open_project C:/Users/Admin/Desktop/8_bit_part_a/8_bit_part_a.xpr
INFO: [Project 1-313] Project file moved from 'C:/Users/Sidhant/Desktop/8 bit magnitude comparator/8_bit_part_a' since last save.
Scanning sources...
Finished scanning sources
INFO: [IP_Flow 19-234] Refreshing IP repositories
INFO: [IP_Flow 19-1704] No user IP repositories specified
INFO: [IP_Flow 19-2313] Loaded Vivado IP repository 'C:/Xilinx/Vivado/2015.2/data/ip'.
open_project: Time (s): cpu = 00:00:23 ; elapsed = 00:00:11 . Memory (MB): peak = 717.316 ; gain = 152.883
exit
INFO: [Common 17-206] Exiting Vivado at Mon Apr 08 19:57:30 2019...
